<?xml version="1.0" encoding="utf-8"?><testsuites name="pytest tests"><testsuite name="pytest" errors="0" failures="2" skipped="0" tests="17" time="24.708" timestamp="2026-02-24T10:19:45.697898+00:00" hostname="agent-env-b965a3aa-89da-45cb-9818-520e066999d6"><testcase classname="backend.tests.test_auth_materials.TestHealthAndBasics" name="test_api_accessible" time="0.566" /><testcase classname="backend.tests.test_auth_materials.TestUserRegistrationAndLogin" name="test_register_procurement_user" time="0.803" /><testcase classname="backend.tests.test_auth_materials.TestUserRegistrationAndLogin" name="test_register_ceo_user" time="0.646" /><testcase classname="backend.tests.test_auth_materials.TestUserRegistrationAndLogin" name="test_login_success" time="1.738" /><testcase classname="backend.tests.test_auth_materials.TestUserRegistrationAndLogin" name="test_login_invalid_credentials" time="0.414" /><testcase classname="backend.tests.test_auth_materials.TestSessionLockout" name="test_session_lockout_on_second_device_login" time="2.014"><failure message="AssertionError: Original session should be invalidated&#10;assert 520 == 401&#10; +  where 520 = &lt;Response [520]&gt;.status_code">backend/tests/test_auth_materials.py:139: in test_session_lockout_on_second_device_login
    assert me_response2.status_code == 401, "Original session should be invalidated"
E   AssertionError: Original session should be invalidated
E   assert 520 == 401
E    +  where 520 = &lt;Response [520]&gt;.status_code</failure></testcase><testcase classname="backend.tests.test_auth_materials.TestLogoutClearsSession" name="test_logout_clears_session" time="1.454"><failure message="AssertionError: Token should be invalid after logout&#10;assert 520 == 401&#10; +  where 520 = &lt;Response [520]&gt;.status_code">backend/tests/test_auth_materials.py:178: in test_logout_clears_session
    assert me_response.status_code == 401, "Token should be invalid after logout"
E   AssertionError: Token should be invalid after logout
E   assert 520 == 401
E    +  where 520 = &lt;Response [520]&gt;.status_code</failure></testcase><testcase classname="backend.tests.test_auth_materials.TestPasswordChange" name="test_change_password_success" time="3.734" /><testcase classname="backend.tests.test_auth_materials.TestPasswordChange" name="test_change_password_wrong_current" time="1.269" /><testcase classname="backend.tests.test_auth_materials.TestPasswordChange" name="test_change_password_too_short" time="1.282" /><testcase classname="backend.tests.test_auth_materials.TestMaterialCRUD" name="test_create_sheet_material_with_dimensions" time="1.449" /><testcase classname="backend.tests.test_auth_materials.TestMaterialCRUD" name="test_create_roll_material" time="1.077" /><testcase classname="backend.tests.test_auth_materials.TestMaterialCRUD" name="test_create_unit_material_no_sqm" time="1.135" /><testcase classname="backend.tests.test_auth_materials.TestMaterialCRUD" name="test_update_material_recalculates_sqm" time="1.864" /><testcase classname="backend.tests.test_auth_materials.TestMaterialCRUD" name="test_delete_material" time="1.905" /><testcase classname="backend.tests.test_auth_materials.TestMaterialCRUD" name="test_manager_cannot_create_material" time="1.061" /><testcase classname="backend.tests.test_auth_materials.TestMaterialCRUD" name="test_manager_can_view_materials" time="2.090" /></testsuite></testsuites>